[0.379s] Invoking command in '/home/samane/ros2_ws/src/my_robot_controller': PYTHONPATH=/home/samane/ros2_ws/src/build/my_robot_controller/prefix_override:/usr/lib/python3/dist-packages/colcon_core/task/python/colcon_distutils_commands:/home/samane/ros2_ws/src/install/my_robot_controller/lib/python3.10/site-packages:${PYTHONPATH} /usr/bin/python3 -W ignore:setup.py install is deprecated -W ignore:easy_install command is deprecated setup.py egg_info --egg-base ../build/my_robot_controller build --build-base /home/samane/ros2_ws/src/build/my_robot_controller/build install --record /home/samane/ros2_ws/src/build/my_robot_controller/install.log --single-version-externally-managed install_data
[0.511s] running egg_info
[0.511s] creating ../build/my_robot_controller/my_robot_controller.egg-info
[0.512s] writing ../build/my_robot_controller/my_robot_controller.egg-info/PKG-INFO
[0.512s] writing dependency_links to ../build/my_robot_controller/my_robot_controller.egg-info/dependency_links.txt
[0.512s] writing entry points to ../build/my_robot_controller/my_robot_controller.egg-info/entry_points.txt
[0.512s] writing requirements to ../build/my_robot_controller/my_robot_controller.egg-info/requires.txt
[0.512s] writing top-level names to ../build/my_robot_controller/my_robot_controller.egg-info/top_level.txt
[0.512s] writing manifest file '../build/my_robot_controller/my_robot_controller.egg-info/SOURCES.txt'
[0.513s] reading manifest file '../build/my_robot_controller/my_robot_controller.egg-info/SOURCES.txt'
[0.513s] writing manifest file '../build/my_robot_controller/my_robot_controller.egg-info/SOURCES.txt'
[0.513s] running build
[0.513s] running build_py
[0.513s] creating /home/samane/ros2_ws/src/build/my_robot_controller/build
[0.513s] creating /home/samane/ros2_ws/src/build/my_robot_controller/build/lib
[0.513s] creating /home/samane/ros2_ws/src/build/my_robot_controller/build/lib/my_robot_controller
[0.513s] copying my_robot_controller/__init__.py -> /home/samane/ros2_ws/src/build/my_robot_controller/build/lib/my_robot_controller
[0.513s] running install
[0.514s] running install_lib
[0.514s] creating /home/samane/ros2_ws/src/install/my_robot_controller/lib/python3.10/site-packages/my_robot_controller
[0.514s] copying /home/samane/ros2_ws/src/build/my_robot_controller/build/lib/my_robot_controller/__init__.py -> /home/samane/ros2_ws/src/install/my_robot_controller/lib/python3.10/site-packages/my_robot_controller
[0.514s] byte-compiling /home/samane/ros2_ws/src/install/my_robot_controller/lib/python3.10/site-packages/my_robot_controller/__init__.py to __init__.cpython-310.pyc
[0.514s] running install_data
[0.515s] creating /home/samane/ros2_ws/src/install/my_robot_controller/share/ament_index
[0.515s] creating /home/samane/ros2_ws/src/install/my_robot_controller/share/ament_index/resource_index
[0.515s] creating /home/samane/ros2_ws/src/install/my_robot_controller/share/ament_index/resource_index/packages
[0.515s] copying resource/my_robot_controller -> /home/samane/ros2_ws/src/install/my_robot_controller/share/ament_index/resource_index/packages
[0.515s] copying package.xml -> /home/samane/ros2_ws/src/install/my_robot_controller/share/my_robot_controller
[0.515s] running install_egg_info
[0.516s] Copying ../build/my_robot_controller/my_robot_controller.egg-info to /home/samane/ros2_ws/src/install/my_robot_controller/lib/python3.10/site-packages/my_robot_controller-0.0.0-py3.10.egg-info
[0.516s] running install_scripts
[0.529s] writing list of installed files to '/home/samane/ros2_ws/src/build/my_robot_controller/install.log'
[0.545s] Invoked command in '/home/samane/ros2_ws/src/my_robot_controller' returned '0': PYTHONPATH=/home/samane/ros2_ws/src/build/my_robot_controller/prefix_override:/usr/lib/python3/dist-packages/colcon_core/task/python/colcon_distutils_commands:/home/samane/ros2_ws/src/install/my_robot_controller/lib/python3.10/site-packages:${PYTHONPATH} /usr/bin/python3 -W ignore:setup.py install is deprecated -W ignore:easy_install command is deprecated setup.py egg_info --egg-base ../build/my_robot_controller build --build-base /home/samane/ros2_ws/src/build/my_robot_controller/build install --record /home/samane/ros2_ws/src/build/my_robot_controller/install.log --single-version-externally-managed install_data
